<?xml version="1.0" encoding="UTF-8"?>
<!-- Generated by org.testng.reporters.JUnitReportReporter -->
<testsuite skipped="0" hostname="manish-Latitude-3460" name="flightsearch.testcases.SignUpTests" tests="1" failures="0" timestamp="14 Aug 2021 20:24:34 GMT" time="36.483" errors="0">
  <testcase name="signOffTest" time="36.483" classname="flightsearch.testcases.SignUpTests"/>
</testsuite> <!-- flightsearch.testcases.SignUpTests -->
