<?xml version="1.0" encoding="UTF-8"?>
<!-- Generated by org.testng.reporters.JUnitReportReporter -->
<testsuite skipped="0" hostname="manish-Latitude-3460" name="flightsearch.testcases.ValidateSignOffDropdownTest" tests="2" failures="0" timestamp="14 Aug 2021 21:28:08 GMT" time="31.839" errors="0">
  <testcase name="testEnglishDropdown" time="17.767" classname="flightsearch.testcases.ValidateSignOffDropdownTest"/>
  <testcase name="testDutchDropdown" time="14.072" classname="flightsearch.testcases.ValidateSignOffDropdownTest"/>
</testsuite> <!-- flightsearch.testcases.ValidateSignOffDropdownTest -->
